<?xml version="1.0" encoding="UTF-8" ?>
<testsuite errors="1" failures="0" hostname="TNG10" name="org.junit.runner.manipulation.Filter" tests="1" time="0.014" timestamp="2014-05-11T22:54:40">
  <properties />
  <testcase classname="org.junit.runner.manipulation.Filter" name="initializationError" time="0.013">
    <error message="No tests found matching grails test target pattern filter from org.junit.runner.Request$1@6f74273b" type="java.lang.Exception">java.lang.Exception: No tests found matching grails test target pattern filter from org.junit.runner.Request$1@6f74273b
</error>
  </testcase>
  <system-out><![CDATA[--Output from initializationError--
]]></system-out>
  <system-err><![CDATA[--Output from initializationError--
]]></system-err>
</testsuite>
