<?xml version="1.0" encoding="UTF-8" ?>
<testsuites>
  <testsuite errors="0" failures="2" hostname="TNG10" id="0" name="Blog Comments" package="" tests="2" time="0.103" timestamp="2014-05-09T20:25:40">
      <properties />

      <testcase classname="grails.plugin.cucumber.CucumberTest" name="View Blog Comments" time="0.052">
          <failure message="Undefined Step: Given I visit the blog for my favorite blogger" type="grails.plugin.cucumber.FakeAssertionFailedError">cucumber.runtime.UndefinedStepException: Undefined Step: Given I visit the blog for my favorite blogger
	at grails.plugin.cucumber.CucumberFormatter.resultUndefined(CucumberFormatter.groovy:242)
	at grails.plugin.cucumber.CucumberFormatter.result(CucumberFormatter.groovy:207)
	at cucumber.runtime.Runtime.runStep(Runtime.java:250)
	at cucumber.runtime.model.StepContainer.runStep(StepContainer.java:44)
	at cucumber.runtime.model.StepContainer.runSteps(StepContainer.java:39)
	at cucumber.runtime.model.CucumberScenario.run(CucumberScenario.java:36)
	at cucumber.runtime.model.CucumberFeature.run(CucumberFeature.java:112)
	at grails.plugin.cucumber.Cucumber$_run_closure2.doCall(Cucumber.groovy:58)
	at grails.plugin.cucumber.Cucumber.run(Cucumber.groovy:57)
	at grails.plugin.cucumber.CucumberTestType.runFeatures(CucumberTestType.groovy:102)
	at grails.plugin.cucumber.CucumberTestType.doRun(CucumberTestType.groovy:57)
	at TestApp$_run_closure1.doCall(TestApp:102)
	at TestApp$_run_closure1.doCall(TestApp.groovy:32)
</failure>

          <failure message="Undefined Step: When I choose a blog post" type="grails.plugin.cucumber.FakeAssertionFailedError">cucumber.runtime.UndefinedStepException: Undefined Step: When I choose a blog post
	at grails.plugin.cucumber.CucumberFormatter.resultUndefined(CucumberFormatter.groovy:242)
	at grails.plugin.cucumber.CucumberFormatter.result(CucumberFormatter.groovy:207)
	at cucumber.runtime.Runtime.runStep(Runtime.java:250)
	at cucumber.runtime.model.StepContainer.runStep(StepContainer.java:44)
	at cucumber.runtime.model.StepContainer.runSteps(StepContainer.java:39)
	at cucumber.runtime.model.CucumberScenario.run(CucumberScenario.java:36)
	at cucumber.runtime.model.CucumberFeature.run(CucumberFeature.java:112)
	at grails.plugin.cucumber.Cucumber$_run_closure2.doCall(Cucumber.groovy:58)
	at grails.plugin.cucumber.Cucumber.run(Cucumber.groovy:57)
	at grails.plugin.cucumber.CucumberTestType.runFeatures(CucumberTestType.groovy:102)
	at grails.plugin.cucumber.CucumberTestType.doRun(CucumberTestType.groovy:57)
	at TestApp$_run_closure1.doCall(TestApp:102)
	at TestApp$_run_closure1.doCall(TestApp.groovy:32)
</failure>

          <failure message="Undefined Step: Then I should see comments left by other readers" type="grails.plugin.cucumber.FakeAssertionFailedError">cucumber.runtime.UndefinedStepException: Undefined Step: Then I should see comments left by other readers
	at grails.plugin.cucumber.CucumberFormatter.resultUndefined(CucumberFormatter.groovy:242)
	at grails.plugin.cucumber.CucumberFormatter.result(CucumberFormatter.groovy:207)
	at cucumber.runtime.Runtime.runStep(Runtime.java:250)
	at cucumber.runtime.model.StepContainer.runStep(StepContainer.java:44)
	at cucumber.runtime.model.StepContainer.runSteps(StepContainer.java:39)
	at cucumber.runtime.model.CucumberScenario.run(CucumberScenario.java:36)
	at cucumber.runtime.model.CucumberFeature.run(CucumberFeature.java:112)
	at grails.plugin.cucumber.Cucumber$_run_closure2.doCall(Cucumber.groovy:58)
	at grails.plugin.cucumber.Cucumber.run(Cucumber.groovy:57)
	at grails.plugin.cucumber.CucumberTestType.runFeatures(CucumberTestType.groovy:102)
	at grails.plugin.cucumber.CucumberTestType.doRun(CucumberTestType.groovy:57)
	at TestApp$_run_closure1.doCall(TestApp:102)
	at TestApp$_run_closure1.doCall(TestApp.groovy:32)
</failure>

      </testcase>

      <testcase classname="grails.plugin.cucumber.CucumberTest" name="Leave a comment (AJAX)" time="0.01">
          <failure message="Undefined Step: Given I am reading a blog post from my favorite blogger" type="grails.plugin.cucumber.FakeAssertionFailedError">cucumber.runtime.UndefinedStepException: Undefined Step: Given I am reading a blog post from my favorite blogger
	at grails.plugin.cucumber.CucumberFormatter.resultUndefined(CucumberFormatter.groovy:242)
	at grails.plugin.cucumber.CucumberFormatter.result(CucumberFormatter.groovy:207)
	at cucumber.runtime.Runtime.runStep(Runtime.java:250)
	at cucumber.runtime.model.StepContainer.runStep(StepContainer.java:44)
	at cucumber.runtime.model.StepContainer.runSteps(StepContainer.java:39)
	at cucumber.runtime.model.CucumberScenario.run(CucumberScenario.java:36)
	at cucumber.runtime.model.CucumberFeature.run(CucumberFeature.java:112)
	at grails.plugin.cucumber.Cucumber$_run_closure2.doCall(Cucumber.groovy:58)
	at grails.plugin.cucumber.Cucumber.run(Cucumber.groovy:57)
	at grails.plugin.cucumber.CucumberTestType.runFeatures(CucumberTestType.groovy:102)
	at grails.plugin.cucumber.CucumberTestType.doRun(CucumberTestType.groovy:57)
	at TestApp$_run_closure1.doCall(TestApp:102)
	at TestApp$_run_closure1.doCall(TestApp.groovy:32)
</failure>

          <failure message="Undefined Step: When I add my genius comment to the blog post" type="grails.plugin.cucumber.FakeAssertionFailedError">cucumber.runtime.UndefinedStepException: Undefined Step: When I add my genius comment to the blog post
	at grails.plugin.cucumber.CucumberFormatter.resultUndefined(CucumberFormatter.groovy:242)
	at grails.plugin.cucumber.CucumberFormatter.result(CucumberFormatter.groovy:207)
	at cucumber.runtime.Runtime.runStep(Runtime.java:250)
	at cucumber.runtime.model.StepContainer.runStep(StepContainer.java:44)
	at cucumber.runtime.model.StepContainer.runSteps(StepContainer.java:39)
	at cucumber.runtime.model.CucumberScenario.run(CucumberScenario.java:36)
	at cucumber.runtime.model.CucumberFeature.run(CucumberFeature.java:112)
	at grails.plugin.cucumber.Cucumber$_run_closure2.doCall(Cucumber.groovy:58)
	at grails.plugin.cucumber.Cucumber.run(Cucumber.groovy:57)
	at grails.plugin.cucumber.CucumberTestType.runFeatures(CucumberTestType.groovy:102)
	at grails.plugin.cucumber.CucumberTestType.doRun(CucumberTestType.groovy:57)
	at TestApp$_run_closure1.doCall(TestApp:102)
	at TestApp$_run_closure1.doCall(TestApp.groovy:32)
</failure>

          <failure message="Undefined Step: Then my genius comment is at the top of the blog post comments" type="grails.plugin.cucumber.FakeAssertionFailedError">cucumber.runtime.UndefinedStepException: Undefined Step: Then my genius comment is at the top of the blog post comments
	at grails.plugin.cucumber.CucumberFormatter.resultUndefined(CucumberFormatter.groovy:242)
	at grails.plugin.cucumber.CucumberFormatter.result(CucumberFormatter.groovy:207)
	at cucumber.runtime.Runtime.runStep(Runtime.java:250)
	at cucumber.runtime.model.StepContainer.runStep(StepContainer.java:44)
	at cucumber.runtime.model.StepContainer.runSteps(StepContainer.java:39)
	at cucumber.runtime.model.CucumberScenario.run(CucumberScenario.java:36)
	at cucumber.runtime.model.CucumberFeature.run(CucumberFeature.java:112)
	at grails.plugin.cucumber.Cucumber$_run_closure2.doCall(Cucumber.groovy:58)
	at grails.plugin.cucumber.Cucumber.run(Cucumber.groovy:57)
	at grails.plugin.cucumber.CucumberTestType.runFeatures(CucumberTestType.groovy:102)
	at grails.plugin.cucumber.CucumberTestType.doRun(CucumberTestType.groovy:57)
	at TestApp$_run_closure1.doCall(TestApp:102)
	at TestApp$_run_closure1.doCall(TestApp.groovy:32)
</failure>

      </testcase>

      <system-out><![CDATA[Feature: Blog Comments
  In order to show the rest of the world I'm even smarter than the blogger
  As a Reader
  I want to be able to comment on a blog entry

--Output from View Blog Comments--
  Scenario: View Blog Comments                       # blog_comments.feature:6
    Given I visit the blog for my favorite blogger
    When I choose a blog post
    Then I should see comments left by other readers

--Output from Leave a comment (AJAX)--
  # Use AJAX for this
  # do not want the page to refresh
  Scenario: Leave a comment (AJAX)                                 # blog_comments.feature:13
    Given I am reading a blog post from my favorite blogger
    When I add my genius comment to the blog post
    Then my genius comment is at the top of the blog post comments
]]></system-out>

      <system-err><![CDATA[
--Output from View Blog Comments--
--Output from Leave a comment (AJAX)--]]></system-err>

  </testsuite>
  <testsuite errors="0" failures="1" hostname="TNG10" id="1" name="Post a Blog Entry" package="" tests="1" time="0.011" timestamp="2014-05-09T20:25:40">
      <properties />

      <testcase classname="grails.plugin.cucumber.CucumberTest" name="New Blog Post" time="0.01">
          <failure message="Undefined Step: Given I am logged in as a blogger" type="grails.plugin.cucumber.FakeAssertionFailedError">cucumber.runtime.UndefinedStepException: Undefined Step: Given I am logged in as a blogger
	at grails.plugin.cucumber.CucumberFormatter.resultUndefined(CucumberFormatter.groovy:242)
	at grails.plugin.cucumber.CucumberFormatter.result(CucumberFormatter.groovy:207)
	at cucumber.runtime.Runtime.runStep(Runtime.java:250)
	at cucumber.runtime.model.StepContainer.runStep(StepContainer.java:44)
	at cucumber.runtime.model.StepContainer.runSteps(StepContainer.java:39)
	at cucumber.runtime.model.CucumberScenario.run(CucumberScenario.java:36)
	at cucumber.runtime.model.CucumberFeature.run(CucumberFeature.java:112)
	at grails.plugin.cucumber.Cucumber$_run_closure2.doCall(Cucumber.groovy:58)
	at grails.plugin.cucumber.Cucumber.run(Cucumber.groovy:57)
	at grails.plugin.cucumber.CucumberTestType.runFeatures(CucumberTestType.groovy:102)
	at grails.plugin.cucumber.CucumberTestType.doRun(CucumberTestType.groovy:57)
	at TestApp$_run_closure1.doCall(TestApp:102)
	at TestApp$_run_closure1.doCall(TestApp.groovy:32)
</failure>

          <failure message="Undefined Step: When I publish a new blog post" type="grails.plugin.cucumber.FakeAssertionFailedError">cucumber.runtime.UndefinedStepException: Undefined Step: When I publish a new blog post
	at grails.plugin.cucumber.CucumberFormatter.resultUndefined(CucumberFormatter.groovy:242)
	at grails.plugin.cucumber.CucumberFormatter.result(CucumberFormatter.groovy:207)
	at cucumber.runtime.Runtime.runStep(Runtime.java:250)
	at cucumber.runtime.model.StepContainer.runStep(StepContainer.java:44)
	at cucumber.runtime.model.StepContainer.runSteps(StepContainer.java:39)
	at cucumber.runtime.model.CucumberScenario.run(CucumberScenario.java:36)
	at cucumber.runtime.model.CucumberFeature.run(CucumberFeature.java:112)
	at grails.plugin.cucumber.Cucumber$_run_closure2.doCall(Cucumber.groovy:58)
	at grails.plugin.cucumber.Cucumber.run(Cucumber.groovy:57)
	at grails.plugin.cucumber.CucumberTestType.runFeatures(CucumberTestType.groovy:102)
	at grails.plugin.cucumber.CucumberTestType.doRun(CucumberTestType.groovy:57)
	at TestApp$_run_closure1.doCall(TestApp:102)
	at TestApp$_run_closure1.doCall(TestApp.groovy:32)
</failure>

          <failure message="Undefined Step: Then I am notified that the blog post was successfully added" type="grails.plugin.cucumber.FakeAssertionFailedError">cucumber.runtime.UndefinedStepException: Undefined Step: Then I am notified that the blog post was successfully added
	at grails.plugin.cucumber.CucumberFormatter.resultUndefined(CucumberFormatter.groovy:242)
	at grails.plugin.cucumber.CucumberFormatter.result(CucumberFormatter.groovy:207)
	at cucumber.runtime.Runtime.runStep(Runtime.java:250)
	at cucumber.runtime.model.StepContainer.runStep(StepContainer.java:44)
	at cucumber.runtime.model.StepContainer.runSteps(StepContainer.java:39)
	at cucumber.runtime.model.CucumberScenario.run(CucumberScenario.java:36)
	at cucumber.runtime.model.CucumberFeature.run(CucumberFeature.java:112)
	at grails.plugin.cucumber.Cucumber$_run_closure2.doCall(Cucumber.groovy:58)
	at grails.plugin.cucumber.Cucumber.run(Cucumber.groovy:57)
	at grails.plugin.cucumber.CucumberTestType.runFeatures(CucumberTestType.groovy:102)
	at grails.plugin.cucumber.CucumberTestType.doRun(CucumberTestType.groovy:57)
	at TestApp$_run_closure1.doCall(TestApp:102)
	at TestApp$_run_closure1.doCall(TestApp.groovy:32)
</failure>

          <failure message="Undefined Step: And the newly added blog post is at the top of the recent posts list" type="grails.plugin.cucumber.FakeAssertionFailedError">cucumber.runtime.UndefinedStepException: Undefined Step: And the newly added blog post is at the top of the recent posts list
	at grails.plugin.cucumber.CucumberFormatter.resultUndefined(CucumberFormatter.groovy:242)
	at grails.plugin.cucumber.CucumberFormatter.result(CucumberFormatter.groovy:207)
	at cucumber.runtime.Runtime.runStep(Runtime.java:250)
	at cucumber.runtime.model.StepContainer.runStep(StepContainer.java:44)
	at cucumber.runtime.model.StepContainer.runSteps(StepContainer.java:39)
	at cucumber.runtime.model.CucumberScenario.run(CucumberScenario.java:36)
	at cucumber.runtime.model.CucumberFeature.run(CucumberFeature.java:112)
	at grails.plugin.cucumber.Cucumber$_run_closure2.doCall(Cucumber.groovy:58)
	at grails.plugin.cucumber.Cucumber.run(Cucumber.groovy:57)
	at grails.plugin.cucumber.CucumberTestType.runFeatures(CucumberTestType.groovy:102)
	at grails.plugin.cucumber.CucumberTestType.doRun(CucumberTestType.groovy:57)
	at TestApp$_run_closure1.doCall(TestApp:102)
	at TestApp$_run_closure1.doCall(TestApp.groovy:32)
</failure>

      </testcase>

      <system-out><![CDATA[Feature: Post a Blog Entry
  In order to show the rest of the world how smart I am
  As a Blogger
  I want to be able to post a blog entry

--Output from New Blog Post--
  Scenario: New Blog Post                                                # creating_blog_entries.feature:6
    Given I am logged in as a blogger
    When I publish a new blog post
    Then I am notified that the blog post was successfully added
    And the newly added blog post is at the top of the recent posts list
]]></system-out>

      <system-err><![CDATA[
--Output from New Blog Post--]]></system-err>

  </testsuite>
  <testsuite errors="0" failures="1" hostname="TNG10" id="2" name="Search Engine Friendly URLs" package="" tests="1" time="0.009" timestamp="2014-05-09T20:25:40">
      <properties />

      <testcase classname="grails.plugin.cucumber.CucumberTest" name="Search Engine Friendly URLs (http://juddsolutions.blogspot.com/2011/02/free-mobile-development-lunch-and.html)" time="0.007">
          <failure message="Undefined Step: Given I visit the blog for my favorite blogger" type="grails.plugin.cucumber.FakeAssertionFailedError">cucumber.runtime.UndefinedStepException: Undefined Step: Given I visit the blog for my favorite blogger
	at grails.plugin.cucumber.CucumberFormatter.resultUndefined(CucumberFormatter.groovy:242)
	at grails.plugin.cucumber.CucumberFormatter.result(CucumberFormatter.groovy:207)
	at cucumber.runtime.Runtime.runStep(Runtime.java:250)
	at cucumber.runtime.model.StepContainer.runStep(StepContainer.java:44)
	at cucumber.runtime.model.StepContainer.runSteps(StepContainer.java:39)
	at cucumber.runtime.model.CucumberScenario.run(CucumberScenario.java:36)
	at cucumber.runtime.model.CucumberFeature.run(CucumberFeature.java:112)
	at grails.plugin.cucumber.Cucumber$_run_closure2.doCall(Cucumber.groovy:58)
	at grails.plugin.cucumber.Cucumber.run(Cucumber.groovy:57)
	at grails.plugin.cucumber.CucumberTestType.runFeatures(CucumberTestType.groovy:102)
	at grails.plugin.cucumber.CucumberTestType.doRun(CucumberTestType.groovy:57)
	at TestApp$_run_closure1.doCall(TestApp:102)
	at TestApp$_run_closure1.doCall(TestApp.groovy:32)
</failure>

          <failure message="Undefined Step: When I choose a blog post" type="grails.plugin.cucumber.FakeAssertionFailedError">cucumber.runtime.UndefinedStepException: Undefined Step: When I choose a blog post
	at grails.plugin.cucumber.CucumberFormatter.resultUndefined(CucumberFormatter.groovy:242)
	at grails.plugin.cucumber.CucumberFormatter.result(CucumberFormatter.groovy:207)
	at cucumber.runtime.Runtime.runStep(Runtime.java:250)
	at cucumber.runtime.model.StepContainer.runStep(StepContainer.java:44)
	at cucumber.runtime.model.StepContainer.runSteps(StepContainer.java:39)
	at cucumber.runtime.model.CucumberScenario.run(CucumberScenario.java:36)
	at cucumber.runtime.model.CucumberFeature.run(CucumberFeature.java:112)
	at grails.plugin.cucumber.Cucumber$_run_closure2.doCall(Cucumber.groovy:58)
	at grails.plugin.cucumber.Cucumber.run(Cucumber.groovy:57)
	at grails.plugin.cucumber.CucumberTestType.runFeatures(CucumberTestType.groovy:102)
	at grails.plugin.cucumber.CucumberTestType.doRun(CucumberTestType.groovy:57)
	at TestApp$_run_closure1.doCall(TestApp:102)
	at TestApp$_run_closure1.doCall(TestApp.groovy:32)
</failure>

          <failure message="Undefined Step: Then the url should contain information about the post" type="grails.plugin.cucumber.FakeAssertionFailedError">cucumber.runtime.UndefinedStepException: Undefined Step: Then the url should contain information about the post
	at grails.plugin.cucumber.CucumberFormatter.resultUndefined(CucumberFormatter.groovy:242)
	at grails.plugin.cucumber.CucumberFormatter.result(CucumberFormatter.groovy:207)
	at cucumber.runtime.Runtime.runStep(Runtime.java:250)
	at cucumber.runtime.model.StepContainer.runStep(StepContainer.java:44)
	at cucumber.runtime.model.StepContainer.runSteps(StepContainer.java:39)
	at cucumber.runtime.model.CucumberScenario.run(CucumberScenario.java:36)
	at cucumber.runtime.model.CucumberFeature.run(CucumberFeature.java:112)
	at grails.plugin.cucumber.Cucumber$_run_closure2.doCall(Cucumber.groovy:58)
	at grails.plugin.cucumber.Cucumber.run(Cucumber.groovy:57)
	at grails.plugin.cucumber.CucumberTestType.runFeatures(CucumberTestType.groovy:102)
	at grails.plugin.cucumber.CucumberTestType.doRun(CucumberTestType.groovy:57)
	at TestApp$_run_closure1.doCall(TestApp:102)
	at TestApp$_run_closure1.doCall(TestApp.groovy:32)
</failure>

      </testcase>

      <system-out><![CDATA[Feature: Search Engine Friendly URLs
  In order to gain new followers
  As a Blogger
  I want my blog entries to be easily found by search engines

--Output from Search Engine Friendly URLs (http://juddsolutions.blogspot.com/2011/02/free-mobile-development-lunch-and.html)--
  Scenario: Search Engine Friendly URLs (http://juddsolutions.blogspot.com/2011/02/free-mobile-development-lunch-and.html) # searchability.feature:6
    Given I visit the blog for my favorite blogger
    When I choose a blog post
    Then the url should contain information about the post
]]></system-out>

      <system-err><![CDATA[
--Output from Search Engine Friendly URLs (http://juddsolutions.blogspot.com/2011/02/free-mobile-development-lunch-and.html)--]]></system-err>

  </testsuite>
  <testsuite errors="0" failures="3" hostname="TNG10" id="3" name="View Blog Entries" package="" tests="3" time="0.05" timestamp="2014-05-09T20:25:40">
      <properties />

      <testcase classname="grails.plugin.cucumber.CucumberTest" name="View Recent Blog Posts" time="0.034">
          <failure message="Undefined Step: Given my favorite blogger has been very active" type="grails.plugin.cucumber.FakeAssertionFailedError">cucumber.runtime.UndefinedStepException: Undefined Step: Given my favorite blogger has been very active
	at grails.plugin.cucumber.CucumberFormatter.resultUndefined(CucumberFormatter.groovy:242)
	at grails.plugin.cucumber.CucumberFormatter.result(CucumberFormatter.groovy:207)
	at cucumber.runtime.Runtime.runStep(Runtime.java:250)
	at cucumber.runtime.model.StepContainer.runStep(StepContainer.java:44)
	at cucumber.runtime.model.StepContainer.runSteps(StepContainer.java:39)
	at cucumber.runtime.model.CucumberScenario.run(CucumberScenario.java:36)
	at cucumber.runtime.model.CucumberFeature.run(CucumberFeature.java:112)
	at grails.plugin.cucumber.Cucumber$_run_closure2.doCall(Cucumber.groovy:58)
	at grails.plugin.cucumber.Cucumber.run(Cucumber.groovy:57)
	at grails.plugin.cucumber.CucumberTestType.runFeatures(CucumberTestType.groovy:102)
	at grails.plugin.cucumber.CucumberTestType.doRun(CucumberTestType.groovy:57)
	at TestApp$_run_closure1.doCall(TestApp:102)
	at TestApp$_run_closure1.doCall(TestApp.groovy:32)
</failure>

          <failure message="Undefined Step: When I visit the blog for my favorite blogger" type="grails.plugin.cucumber.FakeAssertionFailedError">cucumber.runtime.UndefinedStepException: Undefined Step: When I visit the blog for my favorite blogger
	at grails.plugin.cucumber.CucumberFormatter.resultUndefined(CucumberFormatter.groovy:242)
	at grails.plugin.cucumber.CucumberFormatter.result(CucumberFormatter.groovy:207)
	at cucumber.runtime.Runtime.runStep(Runtime.java:250)
	at cucumber.runtime.model.StepContainer.runStep(StepContainer.java:44)
	at cucumber.runtime.model.StepContainer.runSteps(StepContainer.java:39)
	at cucumber.runtime.model.CucumberScenario.run(CucumberScenario.java:36)
	at cucumber.runtime.model.CucumberFeature.run(CucumberFeature.java:112)
	at grails.plugin.cucumber.Cucumber$_run_closure2.doCall(Cucumber.groovy:58)
	at grails.plugin.cucumber.Cucumber.run(Cucumber.groovy:57)
	at grails.plugin.cucumber.CucumberTestType.runFeatures(CucumberTestType.groovy:102)
	at grails.plugin.cucumber.CucumberTestType.doRun(CucumberTestType.groovy:57)
	at TestApp$_run_closure1.doCall(TestApp:102)
	at TestApp$_run_closure1.doCall(TestApp.groovy:32)
</failure>

          <failure message="Undefined Step: Then then I should see a summary of my favorite blogger&apos;s 10 most recent posts in reverse order" type="grails.plugin.cucumber.FakeAssertionFailedError">cucumber.runtime.UndefinedStepException: Undefined Step: Then then I should see a summary of my favorite blogger&apos;s 10 most recent posts in reverse order
	at grails.plugin.cucumber.CucumberFormatter.resultUndefined(CucumberFormatter.groovy:242)
	at grails.plugin.cucumber.CucumberFormatter.result(CucumberFormatter.groovy:207)
	at cucumber.runtime.Runtime.runStep(Runtime.java:250)
	at cucumber.runtime.model.StepContainer.runStep(StepContainer.java:44)
	at cucumber.runtime.model.StepContainer.runSteps(StepContainer.java:39)
	at cucumber.runtime.model.CucumberScenario.run(CucumberScenario.java:36)
	at cucumber.runtime.model.CucumberFeature.run(CucumberFeature.java:112)
	at grails.plugin.cucumber.Cucumber$_run_closure2.doCall(Cucumber.groovy:58)
	at grails.plugin.cucumber.Cucumber.run(Cucumber.groovy:57)
	at grails.plugin.cucumber.CucumberTestType.runFeatures(CucumberTestType.groovy:102)
	at grails.plugin.cucumber.CucumberTestType.doRun(CucumberTestType.groovy:57)
	at TestApp$_run_closure1.doCall(TestApp:102)
	at TestApp$_run_closure1.doCall(TestApp.groovy:32)
</failure>

      </testcase>

      <testcase classname="grails.plugin.cucumber.CucumberTest" name="View a Blog Post" time="0.007">
          <failure message="Undefined Step: Given I visit the blog for my favorite blogger" type="grails.plugin.cucumber.FakeAssertionFailedError">cucumber.runtime.UndefinedStepException: Undefined Step: Given I visit the blog for my favorite blogger
	at grails.plugin.cucumber.CucumberFormatter.resultUndefined(CucumberFormatter.groovy:242)
	at grails.plugin.cucumber.CucumberFormatter.result(CucumberFormatter.groovy:207)
	at cucumber.runtime.Runtime.runStep(Runtime.java:250)
	at cucumber.runtime.model.StepContainer.runStep(StepContainer.java:44)
	at cucumber.runtime.model.StepContainer.runSteps(StepContainer.java:39)
	at cucumber.runtime.model.CucumberScenario.run(CucumberScenario.java:36)
	at cucumber.runtime.model.CucumberFeature.run(CucumberFeature.java:112)
	at grails.plugin.cucumber.Cucumber$_run_closure2.doCall(Cucumber.groovy:58)
	at grails.plugin.cucumber.Cucumber.run(Cucumber.groovy:57)
	at grails.plugin.cucumber.CucumberTestType.runFeatures(CucumberTestType.groovy:102)
	at grails.plugin.cucumber.CucumberTestType.doRun(CucumberTestType.groovy:57)
	at TestApp$_run_closure1.doCall(TestApp:102)
	at TestApp$_run_closure1.doCall(TestApp.groovy:32)
</failure>

          <failure message="Undefined Step: When I choose a blog post" type="grails.plugin.cucumber.FakeAssertionFailedError">cucumber.runtime.UndefinedStepException: Undefined Step: When I choose a blog post
	at grails.plugin.cucumber.CucumberFormatter.resultUndefined(CucumberFormatter.groovy:242)
	at grails.plugin.cucumber.CucumberFormatter.result(CucumberFormatter.groovy:207)
	at cucumber.runtime.Runtime.runStep(Runtime.java:250)
	at cucumber.runtime.model.StepContainer.runStep(StepContainer.java:44)
	at cucumber.runtime.model.StepContainer.runSteps(StepContainer.java:39)
	at cucumber.runtime.model.CucumberScenario.run(CucumberScenario.java:36)
	at cucumber.runtime.model.CucumberFeature.run(CucumberFeature.java:112)
	at grails.plugin.cucumber.Cucumber$_run_closure2.doCall(Cucumber.groovy:58)
	at grails.plugin.cucumber.Cucumber.run(Cucumber.groovy:57)
	at grails.plugin.cucumber.CucumberTestType.runFeatures(CucumberTestType.groovy:102)
	at grails.plugin.cucumber.CucumberTestType.doRun(CucumberTestType.groovy:57)
	at TestApp$_run_closure1.doCall(TestApp:102)
	at TestApp$_run_closure1.doCall(TestApp.groovy:32)
</failure>

          <failure message="Undefined Step: Then I should see the blog post" type="grails.plugin.cucumber.FakeAssertionFailedError">cucumber.runtime.UndefinedStepException: Undefined Step: Then I should see the blog post
	at grails.plugin.cucumber.CucumberFormatter.resultUndefined(CucumberFormatter.groovy:242)
	at grails.plugin.cucumber.CucumberFormatter.result(CucumberFormatter.groovy:207)
	at cucumber.runtime.Runtime.runStep(Runtime.java:250)
	at cucumber.runtime.model.StepContainer.runStep(StepContainer.java:44)
	at cucumber.runtime.model.StepContainer.runSteps(StepContainer.java:39)
	at cucumber.runtime.model.CucumberScenario.run(CucumberScenario.java:36)
	at cucumber.runtime.model.CucumberFeature.run(CucumberFeature.java:112)
	at grails.plugin.cucumber.Cucumber$_run_closure2.doCall(Cucumber.groovy:58)
	at grails.plugin.cucumber.Cucumber.run(Cucumber.groovy:57)
	at grails.plugin.cucumber.CucumberTestType.runFeatures(CucumberTestType.groovy:102)
	at grails.plugin.cucumber.CucumberTestType.doRun(CucumberTestType.groovy:57)
	at TestApp$_run_closure1.doCall(TestApp:102)
	at TestApp$_run_closure1.doCall(TestApp.groovy:32)
</failure>

      </testcase>

      <testcase classname="grails.plugin.cucumber.CucumberTest" name="Search for Blog Post" time="0.006">
          <failure message="Undefined Step: Given I visit the blog for my favorite blogger" type="grails.plugin.cucumber.FakeAssertionFailedError">cucumber.runtime.UndefinedStepException: Undefined Step: Given I visit the blog for my favorite blogger
	at grails.plugin.cucumber.CucumberFormatter.resultUndefined(CucumberFormatter.groovy:242)
	at grails.plugin.cucumber.CucumberFormatter.result(CucumberFormatter.groovy:207)
	at cucumber.runtime.Runtime.runStep(Runtime.java:250)
	at cucumber.runtime.model.StepContainer.runStep(StepContainer.java:44)
	at cucumber.runtime.model.StepContainer.runSteps(StepContainer.java:39)
	at cucumber.runtime.model.CucumberScenario.run(CucumberScenario.java:36)
	at cucumber.runtime.model.CucumberFeature.run(CucumberFeature.java:112)
	at grails.plugin.cucumber.Cucumber$_run_closure2.doCall(Cucumber.groovy:58)
	at grails.plugin.cucumber.Cucumber.run(Cucumber.groovy:57)
	at grails.plugin.cucumber.CucumberTestType.runFeatures(CucumberTestType.groovy:102)
	at grails.plugin.cucumber.CucumberTestType.doRun(CucumberTestType.groovy:57)
	at TestApp$_run_closure1.doCall(TestApp:102)
	at TestApp$_run_closure1.doCall(TestApp.groovy:32)
</failure>

          <failure message="Undefined Step: When I search for a blog post" type="grails.plugin.cucumber.FakeAssertionFailedError">cucumber.runtime.UndefinedStepException: Undefined Step: When I search for a blog post
	at grails.plugin.cucumber.CucumberFormatter.resultUndefined(CucumberFormatter.groovy:242)
	at grails.plugin.cucumber.CucumberFormatter.result(CucumberFormatter.groovy:207)
	at cucumber.runtime.Runtime.runStep(Runtime.java:250)
	at cucumber.runtime.model.StepContainer.runStep(StepContainer.java:44)
	at cucumber.runtime.model.StepContainer.runSteps(StepContainer.java:39)
	at cucumber.runtime.model.CucumberScenario.run(CucumberScenario.java:36)
	at cucumber.runtime.model.CucumberFeature.run(CucumberFeature.java:112)
	at grails.plugin.cucumber.Cucumber$_run_closure2.doCall(Cucumber.groovy:58)
	at grails.plugin.cucumber.Cucumber.run(Cucumber.groovy:57)
	at grails.plugin.cucumber.CucumberTestType.runFeatures(CucumberTestType.groovy:102)
	at grails.plugin.cucumber.CucumberTestType.doRun(CucumberTestType.groovy:57)
	at TestApp$_run_closure1.doCall(TestApp:102)
	at TestApp$_run_closure1.doCall(TestApp.groovy:32)
</failure>

          <failure message="Undefined Step: Then I should see posts with that value in the title" type="grails.plugin.cucumber.FakeAssertionFailedError">cucumber.runtime.UndefinedStepException: Undefined Step: Then I should see posts with that value in the title
	at grails.plugin.cucumber.CucumberFormatter.resultUndefined(CucumberFormatter.groovy:242)
	at grails.plugin.cucumber.CucumberFormatter.result(CucumberFormatter.groovy:207)
	at cucumber.runtime.Runtime.runStep(Runtime.java:250)
	at cucumber.runtime.model.StepContainer.runStep(StepContainer.java:44)
	at cucumber.runtime.model.StepContainer.runSteps(StepContainer.java:39)
	at cucumber.runtime.model.CucumberScenario.run(CucumberScenario.java:36)
	at cucumber.runtime.model.CucumberFeature.run(CucumberFeature.java:112)
	at grails.plugin.cucumber.Cucumber$_run_closure2.doCall(Cucumber.groovy:58)
	at grails.plugin.cucumber.Cucumber.run(Cucumber.groovy:57)
	at grails.plugin.cucumber.CucumberTestType.runFeatures(CucumberTestType.groovy:102)
	at grails.plugin.cucumber.CucumberTestType.doRun(CucumberTestType.groovy:57)
	at TestApp$_run_closure1.doCall(TestApp:102)
	at TestApp$_run_closure1.doCall(TestApp.groovy:32)
</failure>

      </testcase>

      <system-out><![CDATA[Feature: View Blog Entries
  In order to stay up todate
  As a Reader
  I want to be able to view blog posts of my favorite blogger

--Output from View Recent Blog Posts--
  Scenario: View Recent Blog Posts                                                                  # reading_blog_entries.feature:6
    Given my favorite blogger has been very active
    When I visit the blog for my favorite blogger
    Then then I should see a summary of my favorite blogger's 10 most recent posts in reverse order

--Output from View a Blog Post--
  Scenario: View a Blog Post                       # reading_blog_entries.feature:11
    Given I visit the blog for my favorite blogger
    When I choose a blog post
    Then I should see the blog post

--Output from Search for Blog Post--
  Scenario: Search for Blog Post                         # reading_blog_entries.feature:16
    Given I visit the blog for my favorite blogger
    When I search for a blog post
    Then I should see posts with that value in the title
]]></system-out>

      <system-err><![CDATA[
--Output from View Recent Blog Posts--
--Output from View a Blog Post--
--Output from Search for Blog Post--]]></system-err>

  </testsuite>
</testsuites>
