Testsuite: Search Engine Friendly URLs
Tests run: 1, Failures: 1, Errors: 0, Time elapsed: 0.009 sec
------------- Standard Output ---------------
Feature: Search Engine Friendly URLs
  In order to gain new followers
  As a Blogger
  I want my blog entries to be easily found by search engines

--Output from Search Engine Friendly URLs (http://juddsolutions.blogspot.com/2011/02/free-mobile-development-lunch-and.html)--
  Scenario: Search Engine Friendly URLs (http://juddsolutions.blogspot.com/2011/02/free-mobile-development-lunch-and.html) # searchability.feature:6
    Given I visit the blog for my favorite blogger
    When I choose a blog post
    Then the url should contain information about the post
------------- ---------------- ---------------
------------- Standard Error -----------------

--Output from Search Engine Friendly URLs (http://juddsolutions.blogspot.com/2011/02/free-mobile-development-lunch-and.html)--------------- ---------------- ---------------

Testcase: Search Engine Friendly URLs (http://juddsolutions.blogspot.com/2011/02/free-mobile-development-lunch-and.html) took 0.002 sec
	FAILED
Undefined Step: Given I visit the blog for my favorite blogger
cucumber.runtime.UndefinedStepException: Undefined Step: Given I visit the blog for my favorite blogger
	at grails.plugin.cucumber.CucumberFormatter.resultUndefined(CucumberFormatter.groovy:242)
	at grails.plugin.cucumber.CucumberFormatter.result(CucumberFormatter.groovy:207)
	at cucumber.runtime.Runtime.runStep(Runtime.java:250)
	at cucumber.runtime.model.StepContainer.runStep(StepContainer.java:44)
	at cucumber.runtime.model.StepContainer.runSteps(StepContainer.java:39)
	at cucumber.runtime.model.CucumberScenario.run(CucumberScenario.java:36)
	at cucumber.runtime.model.CucumberFeature.run(CucumberFeature.java:112)
	at grails.plugin.cucumber.Cucumber$_run_closure2.doCall(Cucumber.groovy:58)
	at grails.plugin.cucumber.Cucumber.run(Cucumber.groovy:57)
	at grails.plugin.cucumber.CucumberTestType.runFeatures(CucumberTestType.groovy:102)
	at grails.plugin.cucumber.CucumberTestType.doRun(CucumberTestType.groovy:57)
	at TestApp$_run_closure1.doCall(TestApp:102)
	at TestApp$_run_closure1.doCall(TestApp.groovy:32)

	FAILED
Undefined Step: When I choose a blog post
cucumber.runtime.UndefinedStepException: Undefined Step: When I choose a blog post
	at grails.plugin.cucumber.CucumberFormatter.resultUndefined(CucumberFormatter.groovy:242)
	at grails.plugin.cucumber.CucumberFormatter.result(CucumberFormatter.groovy:207)
	at cucumber.runtime.Runtime.runStep(Runtime.java:250)
	at cucumber.runtime.model.StepContainer.runStep(StepContainer.java:44)
	at cucumber.runtime.model.StepContainer.runSteps(StepContainer.java:39)
	at cucumber.runtime.model.CucumberScenario.run(CucumberScenario.java:36)
	at cucumber.runtime.model.CucumberFeature.run(CucumberFeature.java:112)
	at grails.plugin.cucumber.Cucumber$_run_closure2.doCall(Cucumber.groovy:58)
	at grails.plugin.cucumber.Cucumber.run(Cucumber.groovy:57)
	at grails.plugin.cucumber.CucumberTestType.runFeatures(CucumberTestType.groovy:102)
	at grails.plugin.cucumber.CucumberTestType.doRun(CucumberTestType.groovy:57)
	at TestApp$_run_closure1.doCall(TestApp:102)
	at TestApp$_run_closure1.doCall(TestApp.groovy:32)

	FAILED
Undefined Step: Then the url should contain information about the post
cucumber.runtime.UndefinedStepException: Undefined Step: Then the url should contain information about the post
	at grails.plugin.cucumber.CucumberFormatter.resultUndefined(CucumberFormatter.groovy:242)
	at grails.plugin.cucumber.CucumberFormatter.result(CucumberFormatter.groovy:207)
	at cucumber.runtime.Runtime.runStep(Runtime.java:250)
	at cucumber.runtime.model.StepContainer.runStep(StepContainer.java:44)
	at cucumber.runtime.model.StepContainer.runSteps(StepContainer.java:39)
	at cucumber.runtime.model.CucumberScenario.run(CucumberScenario.java:36)
	at cucumber.runtime.model.CucumberFeature.run(CucumberFeature.java:112)
	at grails.plugin.cucumber.Cucumber$_run_closure2.doCall(Cucumber.groovy:58)
	at grails.plugin.cucumber.Cucumber.run(Cucumber.groovy:57)
	at grails.plugin.cucumber.CucumberTestType.runFeatures(CucumberTestType.groovy:102)
	at grails.plugin.cucumber.CucumberTestType.doRun(CucumberTestType.groovy:57)
	at TestApp$_run_closure1.doCall(TestApp:102)
	at TestApp$_run_closure1.doCall(TestApp.groovy:32)

